<?xml version="1.0" encoding="UTF-8"?>
<!-- Generated by org.testng.reporters.JUnitReportReporter -->
<testsuite hostname="DESKTOP-OBO2JJ9" failures="0" tests="1" name="com.crm.githubpractice.GithubPractice1Test" time="0.011" errors="0" timestamp="2021-11-12T17:07:12 IST" skipped="0">
  <testcase classname="com.crm.githubpractice.GithubPractice1Test" name="smoke" time="0.011"/>
  <system-out/>
</testsuite> <!-- com.crm.githubpractice.GithubPractice1Test -->
