<?xml version="1.0" encoding="UTF-8"?>
<!-- Generated by org.testng.reporters.JUnitReportReporter -->
<testsuite hostname="DESKTOP-OBO2JJ9" failures="0" tests="1" name="com.crm.githubpractice.GithubPractice2Test" time="0.013" errors="0" timestamp="2021-11-12T17:06:58 IST" skipped="0">
  <testcase classname="com.crm.githubpractice.GithubPractice2Test" name="regression" time="0.013"/>
  <system-out/>
</testsuite> <!-- com.crm.githubpractice.GithubPractice2Test -->
